date a afiicher => commande <quit> saisie
date a afiicher => Debut de session 
date a afiicher => commande <nex univers toto> saisie 
date a afiicher => commande <new univers titi> saisie 
date a afiicher => commande <quit> saisie 
2020-05-15 14:27:56.441 => Debut de session 
2020-05-15 14:28:15.798 => commande <new univers toto> saisie 
2020-05-15 14:40:05.670 => commande <quit> saisie 
2020-05-15 14:58:59.372 => ===================================== 
2020-05-15 14:58:59.390 =>          Debut de session 
2020-05-15 14:58:59.391 => ===================================== 
2020-05-15 15:17:25.748 => ===================================== 
2020-05-15 15:17:25.765 =>          Debut de session 
2020-05-15 15:17:25.767 => ===================================== 
2020-05-15 15:17:40.082 => commande <list> saisie 
2020-05-15 15:17:49.171 => commande <new univers toto> saisie 
2020-05-15 15:17:49.180 => Univers toto(0) cree 
2020-05-15 15:18:02.333 => commande <new univers titi> saisie 
2020-05-15 15:18:02.334 => Univers titi(1) cree 
2020-05-15 15:18:05.492 => commande <list> saisie 
2020-05-15 15:19:56.325 => ===================================== 
2020-05-15 15:19:56.346 =>          Debut de session 
2020-05-15 15:19:56.347 => ===================================== 
2020-05-15 15:22:26.329 => commande <quit> saisie 
2020-05-15 15:22:26.329 => ===================================== 
2020-05-15 15:22:26.331 =>          fin de session 
2020-05-15 15:22:26.331 => ===================================== 
2020-05-15 15:22:34.424 => ===================================== 
2020-05-15 15:22:34.441 =>          Debut de session 
2020-05-15 15:22:34.442 => ===================================== 
2020-05-15 15:22:49.035 => commande <new planete terre> saisie 
2020-05-15 15:22:49.046 => Planete terre(0) cree 
2020-05-15 15:22:55.379 => commande <list> saisie 
2020-05-15 15:26:21.812 => commande <new univers > saisie 
2020-05-15 15:26:21.812 => Univers (1) cree 
2020-05-15 15:41:15.756 => commande <quit> saisie 
2020-05-15 15:41:15.758 => ===================================== 
2020-05-15 15:41:15.759 =>          fin de session 
2020-05-15 15:41:15.759 => ===================================== 
2020-05-15 15:56:51.266 => ===================================== 
2020-05-15 15:56:51.285 =>          Debut de session 
2020-05-15 15:56:51.287 => ===================================== 
2020-05-15 15:58:33.767 => commande <quit> saisie 
2020-05-15 15:58:33.767 => ===================================== 
2020-05-15 15:58:33.769 =>          fin de session 
2020-05-15 15:58:33.769 => ===================================== 
2020-05-15 15:58:39.836 => ===================================== 
2020-05-15 15:58:39.854 =>          Debut de session 
2020-05-15 15:58:39.856 => ===================================== 
2020-05-15 16:00:52.643 => commande <new univers toto> saisie 
2020-05-15 16:00:52.653 => Univers toto(0) cree 
2020-05-15 16:01:01.371 => commande <kill univers toto> saisie 
2020-05-15 16:02:18.457 => commande <quit> saisie 
2020-05-15 16:02:18.457 => ===================================== 
2020-05-15 16:02:18.459 =>          fin de session 
2020-05-15 16:02:18.459 => ===================================== 
2020-05-15 16:02:24.320 => ===================================== 
2020-05-15 16:02:24.343 =>          Debut de session 
2020-05-15 16:02:24.344 => ===================================== 
2020-05-15 16:09:36.748 => commande <quit> saisie 
2020-05-15 16:09:36.748 => ===================================== 
2020-05-15 16:09:36.750 =>          fin de session 
2020-05-15 16:09:36.750 => ===================================== 
2020-05-15 16:18:56.660 => ===================================== 
2020-05-15 16:18:56.676 =>          Debut de session 
2020-05-15 16:18:56.678 => ===================================== 
2020-05-15 16:19:18.066 => commande <new univers toto> saisie 
2020-05-15 16:19:18.077 => Univers toto(0) cree 
2020-05-15 16:19:25.979 => commande <kill univers toto> saisie 
2020-05-15 16:44:10.673 => commande <quit> saisie 
2020-05-15 16:44:10.675 => ===================================== 
2020-05-15 16:44:10.675 =>          fin de session 
2020-05-15 16:44:10.676 => ===================================== 
2020-05-15 16:44:17.565 => ===================================== 
2020-05-15 16:44:17.583 =>          Debut de session 
2020-05-15 16:44:17.583 => ===================================== 
2020-05-15 16:44:39.238 => commande <new univers toto> saisie 
2020-05-15 16:44:39.248 => Univers toto(0) cree 
2020-05-15 16:44:45.956 => commande <kill univers toto> saisie 
2020-05-15 16:46:39.695 => commande <quit> saisie 
2020-05-15 16:46:39.696 => ===================================== 
2020-05-15 16:46:39.697 =>          fin de session 
2020-05-15 16:46:39.697 => ===================================== 
2020-05-15 16:46:45.819 => ===================================== 
2020-05-15 16:46:45.839 =>          Debut de session 
2020-05-15 16:46:45.839 => ===================================== 
2020-05-15 16:47:03.335 => commande <new univers totot> saisie 
2020-05-15 16:47:03.344 => Univers totot(0) cree 
2020-05-15 16:47:07.464 => commande <list> saisie 
2020-05-15 16:47:15.008 => commande <kill univers totot> saisie 
2020-05-15 16:47:15.008 => on essaie de supprimer totot de type univers 
2020-05-15 16:48:35.630 => commande <quit> saisie 
2020-05-15 16:48:35.630 => ===================================== 
2020-05-15 16:48:35.632 =>          fin de session 
2020-05-15 16:48:35.632 => ===================================== 
2020-05-15 16:48:41.723 => ===================================== 
2020-05-15 16:48:41.741 =>          Debut de session 
2020-05-15 16:48:41.741 => ===================================== 
2020-05-15 16:50:13.927 => commande <quit> saisie 
2020-05-15 16:50:13.927 => ===================================== 
2020-05-15 16:50:13.929 =>          fin de session 
2020-05-15 16:50:13.929 => ===================================== 
2020-05-15 16:50:20.072 => ===================================== 
2020-05-15 16:50:20.091 =>          Debut de session 
2020-05-15 16:50:20.091 => ===================================== 
2020-05-15 16:50:37.986 => commande <new univers toto> saisie 
2020-05-15 16:50:37.997 => Univers toto(0) cree 
2020-05-15 16:50:46.809 => commande <kill univers toto> saisie 
2020-05-15 16:50:46.810 => on essaie de supprimer toto de type univers 
2020-05-15 16:52:28.249 => commande <quit> saisie 
2020-05-15 16:52:28.250 => ===================================== 
2020-05-15 16:52:28.250 =>          fin de session 
2020-05-15 16:52:28.250 => ===================================== 
2020-05-15 16:52:49.017 => ===================================== 
2020-05-15 16:52:49.036 =>          Debut de session 
2020-05-15 16:52:49.036 => ===================================== 
2020-05-15 16:53:16.254 => commande <new univers toto> saisie 
2020-05-15 16:53:16.264 => Univers toto(0) cree 
2020-05-15 16:53:21.470 => commande <kill univers toto> saisie 
2020-05-15 16:53:21.471 => on essaie de supprimer toto de type univers 
2020-05-15 16:53:21.471 => on supprime ce univers (toto) 
2020-05-15 16:54:00.640 => commande <list> saisie 
2020-05-15 16:54:18.034 => commande <new univers toto> saisie 
2020-05-15 16:54:18.034 => Univers toto(1) cree 
2020-05-15 16:54:20.451 => commande <list> saisie 
2020-05-15 16:55:54.075 => commande <kill univers tt> saisie 
2020-05-15 16:55:54.075 => on essaie de supprimer tt de type univers 
2020-05-15 17:04:25.739 => commande <quit> saisie 
2020-05-15 17:04:25.740 => ===================================== 
2020-05-15 17:04:25.742 =>          fin de session 
2020-05-15 17:04:25.742 => ===================================== 
2020-05-15 17:04:35.293 => ===================================== 
2020-05-15 17:04:35.313 =>          Debut de session 
2020-05-15 17:04:35.314 => ===================================== 
2020-05-15 17:05:21.360 => commande <new continent df> saisie 
2020-05-15 17:05:21.369 => Continent df(0) cree 
2020-05-15 17:05:32.880 => commande <new univers mlk> saisie 
2020-05-15 17:05:32.881 => Univers mlk(1) cree 
2020-05-15 17:05:41.466 => commande <new planete qfdsf> saisie 
2020-05-15 17:05:41.467 => Planete qfdsf(2) cree 
2020-05-15 17:05:44.512 => commande <list> saisie 
2020-05-15 17:07:45.219 => commande <quit> saisie 
2020-05-15 17:07:45.219 => ===================================== 
2020-05-15 17:07:45.221 =>          fin de session 
2020-05-15 17:07:45.222 => ===================================== 
2020-05-15 17:08:08.300 => ===================================== 
2020-05-15 17:08:08.319 =>          Debut de session 
2020-05-15 17:08:08.319 => ===================================== 
2020-05-15 17:11:13.748 => commande <quit> saisie 
2020-05-15 17:11:13.749 => ===================================== 
2020-05-15 17:11:13.750 =>          fin de session 
2020-05-15 17:11:13.751 => ===================================== 
2020-05-15 17:16:12.814 => ===================================== 
2020-05-15 17:16:12.834 =>          Debut de session 
2020-05-15 17:16:12.834 => ===================================== 
2020-05-15 17:16:19.685 => commande <list> saisie 
2020-05-15 17:16:30.598 => commande <new continent dfqsdf> saisie 
2020-05-15 17:16:30.609 => Continent dfqsdf(0) cree 
2020-05-15 17:16:36.822 => commande <new planete qsd> saisie 
2020-05-15 17:16:36.823 => Planete qsd(1) cree 
2020-05-15 17:16:51.055 => commande <new univers kjkl> saisie 
2020-05-15 17:16:51.056 => Univers kjkl(2) cree 
2020-05-15 17:16:57.302 => commande <list> saisie 
2020-05-15 17:26:19.508 => commande <quit> saisie 
2020-05-15 17:26:19.508 => ===================================== 
2020-05-15 17:26:19.510 =>          fin de session 
2020-05-15 17:26:19.510 => ===================================== 
2020-05-15 17:28:14.856 => ===================================== 
2020-05-15 17:28:14.877 =>          Debut de session 
2020-05-15 17:28:14.877 => ===================================== 
2020-05-15 17:28:28.512 => commande <new univers tt> saisie 
2020-05-15 17:28:28.523 => Univers tt(0) cree 
2020-05-15 17:28:33.319 => commande <cd univers tt> saisie 
2020-05-15 17:28:33.319 => on essaie de changer vers le niveau de tt de type univers 
2020-05-15 17:28:33.321 => on change de niveau (tt) 
2020-05-15 17:28:44.728 => commande <list> saisie 
2020-05-15 17:29:43.357 => commande <quit> saisie 
2020-05-15 17:29:43.357 => ===================================== 
2020-05-15 17:29:43.359 =>          fin de session 
2020-05-15 17:29:43.359 => ===================================== 
2020-05-15 17:30:58.009 => ===================================== 
2020-05-15 17:30:58.027 =>          Debut de session 
2020-05-15 17:30:58.027 => ===================================== 
2020-05-15 17:31:14.645 => commande <new univers tt> saisie 
2020-05-15 17:31:14.654 => Univers tt(1) cree 
2020-05-15 17:31:19.477 => commande <cd univers tt> saisie 
2020-05-15 17:31:19.478 => on essaie de changer vers le niveau de tt de type univers 
2020-05-15 17:31:19.479 => on change de niveau (tt) 
2020-05-15 17:31:57.439 => commande <quit> saisie 
2020-05-15 17:31:57.440 => ===================================== 
2020-05-15 17:31:57.442 =>          fin de session 
2020-05-15 17:31:57.442 => ===================================== 
2020-05-15 17:32:03.690 => ===================================== 
2020-05-15 17:32:03.708 =>          Debut de session 
2020-05-15 17:32:03.710 => ===================================== 
2020-05-15 17:32:08.962 => commande <new univers tt> saisie 
2020-05-15 17:32:08.972 => Univers tt(1) cree 
2020-05-15 17:32:12.369 => commande <cd univers tt> saisie 
2020-05-15 17:32:12.370 => on essaie de changer vers le niveau de tt de type univers 
2020-05-15 17:32:12.371 => on change de niveau (tt) 
2020-05-15 17:32:58.413 => commande <quit> saisie 
2020-05-15 17:32:58.413 => ===================================== 
2020-05-15 17:32:58.415 =>          fin de session 
2020-05-15 17:32:58.415 => ===================================== 
2020-05-15 17:33:39.165 => ===================================== 
2020-05-15 17:33:39.184 =>          Debut de session 
2020-05-15 17:33:39.184 => ===================================== 
2020-05-15 17:33:45.057 => commande <new univers tt> saisie 
2020-05-15 17:33:45.068 => Univers tt(1) cree 
2020-05-15 17:33:48.336 => commande <cd univers tt> saisie 
2020-05-15 17:33:48.336 => on essaie de changer vers le niveau de tt de type univers 
2020-05-15 17:33:48.338 => on change de niveau (tt) 
2020-05-15 17:33:55.194 => commande <list> saisie 
2020-05-15 17:34:09.402 => commande <new planete dd> saisie 
2020-05-15 17:34:09.403 => Planete dd(2) cree 
2020-05-15 17:34:12.890 => commande <list> saisie 
2020-05-15 17:34:20.907 => commande <new continent kl> saisie 
2020-05-15 17:34:20.908 => Continent kl(3) cree 
2020-05-15 17:34:23.371 => commande <list> saisie 
2020-05-15 17:37:26.779 => commande <cd > saisie 
2020-05-15 17:37:33.649 => commande <quit> saisie 
2020-05-15 17:37:33.650 => ===================================== 
2020-05-15 17:37:33.651 =>          fin de session 
2020-05-15 17:37:33.652 => ===================================== 
2020-05-15 17:37:50.898 => ===================================== 
2020-05-15 17:37:50.918 =>          Debut de session 
2020-05-15 17:37:50.919 => ===================================== 
2020-05-15 17:38:10.247 => commande <new univers ee> saisie 
2020-05-15 17:38:10.257 => Univers ee(1) cree 
2020-05-15 17:38:14.133 => commande <cd univers ee> saisie 
2020-05-15 17:38:14.134 => on essaie de changer vers le niveau de ee de type univers 
2020-05-15 17:38:14.136 => on change de niveau (ee) 
2020-05-15 17:38:16.430 => commande <cd> saisie 
2020-05-15 17:40:24.238 => ===================================== 
2020-05-15 17:40:24.257 =>          Debut de session 
2020-05-15 17:40:24.257 => ===================================== 
2020-05-15 17:40:39.690 => commande <new univers tt> saisie 
2020-05-15 17:40:39.700 => Univers tt(1) cree 
2020-05-15 17:40:44.378 => commande <cd univers tt> saisie 
2020-05-15 17:40:44.378 => on essaie de changer vers le niveau de tt de type univers 
2020-05-15 17:40:44.380 => on change de niveau (tt) 
2020-05-15 17:40:46.585 => commande <cd> saisie 
2020-05-15 17:46:24.259 => ===================================== 
2020-05-15 17:46:24.277 =>          Debut de session 
2020-05-15 17:46:24.278 => ===================================== 
2020-05-15 17:46:38.535 => commande <new univers tt> saisie 
2020-05-15 17:46:38.545 => Univers tt(1) cree 
2020-05-15 17:46:41.607 => commande <cd univers tt> saisie 
2020-05-15 17:46:41.607 => on essaie de changer vers le niveau de tt de type univers 
2020-05-15 17:46:41.609 => on change de niveau (tt) 
2020-05-15 17:46:49.535 => commande <cd> saisie 
2020-05-15 17:49:23.954 => ===================================== 
2020-05-15 17:49:23.973 =>          Debut de session 
2020-05-15 17:49:23.973 => ===================================== 
2020-05-15 17:49:30.413 => commande <new univers tt> saisie 
2020-05-15 17:49:30.423 => Univers tt(1) cree 
2020-05-15 17:49:33.964 => commande <cd univers tt> saisie 
2020-05-15 17:49:33.965 => on essaie de changer vers le niveau de tt de type univers 
2020-05-15 17:49:33.966 => on change de niveau (tt) 
2020-05-15 17:49:35.324 => commande <cd> saisie 
2020-05-15 17:50:45.401 => commande <quit> saisie 
2020-05-15 17:50:45.401 => ===================================== 
2020-05-15 17:50:45.403 =>          fin de session 
2020-05-15 17:50:45.403 => ===================================== 
2020-05-15 17:53:02.217 => ===================================== 
2020-05-15 17:53:02.235 =>          Debut de session 
2020-05-15 17:53:02.235 => ===================================== 
2020-05-15 17:54:03.002 => commande <new univers rr> saisie 
2020-05-15 17:54:03.012 => Univers rr(1) cree 
2020-05-15 17:54:06.339 => commande <cd univers rr> saisie 
2020-05-15 17:54:06.340 => on essaie de changer vers le niveau de rr de type univers 
2020-05-15 17:54:06.342 => on change de niveau (rr) 
2020-05-15 17:54:07.928 => commande <cd> saisie 
2020-05-15 17:54:11.770 => commande <list> saisie 
